<?xml version="1.0" encoding="UTF-8"?>
<!-- Generated by org.testng.reporters.JUnitReportReporter -->
<testsuite hostname="Ashwini" failures="0" tests="1" name="loginModule_package.CreateEmpAsAssisAndDeleteAsHead_HRM_ST_TC_08_Ext_BaseClass" time="14.692" errors="0" timestamp="2023-03-29T10:05:32 IST" skipped="0">
  <testcase classname="loginModule_package.CreateEmpAsAssisAndDeleteAsHead_HRM_ST_TC_08_Ext_BaseClass" name="createEmpAsAssisAndDeleteAsHead" time="14.692"/>
  <system-out>
    <![CDATA[createEmpAsAssisAndDeleteAsHead---> TestScript excecution started
createEmpAsAssisAndDeleteAsHead---> TEstScript Excecution Successfull]]>
  </system-out>
</testsuite> <!-- loginModule_package.CreateEmpAsAssisAndDeleteAsHead_HRM_ST_TC_08_Ext_BaseClass -->
