<?xml version="1.0" encoding="UTF-8"?>
<!-- Generated by org.testng.reporters.JUnitReportReporter -->
<testsuite hostname="Ashwini" failures="0" tests="2" name="com.HRM.Practice.DataProviderTest_2X3" time="0.008" errors="0" timestamp="2023-03-25T16:47:02 IST" skipped="0">
  <testcase classname="com.HRM.Practice.DataProviderTest_2X3" name="getData" time="0.006"/>
  <system-out/>
  <testcase classname="com.HRM.Practice.DataProviderTest_2X3" name="getData" time="0.002"/>
  <system-out/>
</testsuite> <!-- com.HRM.Practice.DataProviderTest_2X3 -->
