<?xml version="1.0" encoding="UTF-8"?>
<!-- Generated by org.testng.reporters.JUnitReportReporter -->
<testsuite hostname="Ashwini" failures="0" tests="4" name="com.HRM.Practice.TestCase_03" time="0.003" errors="0" timestamp="2023-03-27T15:38:17 IST" skipped="0">
  <testcase classname="com.HRM.Practice.TestCase_03" name="TS_05" time="0.001"/>
  <system-out/>
  <testcase classname="com.HRM.Practice.TestCase_03" name="TS_05" time="0.001"/>
  <system-out/>
  <testcase classname="com.HRM.Practice.TestCase_03" name="TS_06" time="0.001"/>
  <system-out/>
  <testcase classname="com.HRM.Practice.TestCase_03" name="TS_06" time="0.000"/>
  <system-out/>
</testsuite> <!-- com.HRM.Practice.TestCase_03 -->
