<?xml version="1.0" encoding="UTF-8"?>
<!-- Generated by org.testng.reporters.JUnitReportReporter -->
<testsuite hostname="Ashwini" failures="0" tests="2" name="com.HRM.Practice.DataProviderTest_2X2" time="0.012" errors="0" timestamp="2023-03-25T16:46:34 IST" skipped="0">
  <testcase classname="com.HRM.Practice.DataProviderTest_2X2" name="getData" time="0.009"/>
  <system-out/>
  <testcase classname="com.HRM.Practice.DataProviderTest_2X2" name="getData" time="0.003"/>
  <system-out/>
</testsuite> <!-- com.HRM.Practice.DataProviderTest_2X2 -->
