<?xml version="1.0" encoding="UTF-8"?>
<!-- Generated by org.testng.reporters.JUnitReportReporter -->
<testsuite hostname="Ashwini" failures="0" tests="4" name="com.HRM.Practice.TestCase_02" time="0.017" errors="0" timestamp="2023-03-27T15:38:17 IST" skipped="0">
  <testcase classname="com.HRM.Practice.TestCase_02" name="TS_03" time="0.006"/>
  <system-out/>
  <testcase classname="com.HRM.Practice.TestCase_02" name="TS_04" time="0.002"/>
  <system-out/>
  <testcase classname="com.HRM.Practice.TestCase_02" name="TS_04" time="0.008"/>
  <system-out/>
  <testcase classname="com.HRM.Practice.TestCase_02" name="TS_03" time="0.001"/>
  <system-out/>
</testsuite> <!-- com.HRM.Practice.TestCase_02 -->
