<?xml version="1.0" encoding="UTF-8"?>
<!-- Generated by org.testng.reporters.JUnitReportReporter -->
<testsuite hostname="Ashwini" failures="0" tests="2" name="com.HRM.Practice.AnnotationTest" time="0.013" errors="0" timestamp="2023-03-25T17:07:08 IST" skipped="0">
  <testcase classname="com.HRM.Practice.AnnotationTest" name="testScript_1" time="0.008"/>
  <system-out/>
  <testcase classname="com.HRM.Practice.AnnotationTest" name="testScript_2" time="0.005"/>
  <system-out/>
</testsuite> <!-- com.HRM.Practice.AnnotationTest -->
