<?xml version="1.0" encoding="UTF-8"?>
<!-- Generated by org.testng.reporters.JUnitReportReporter -->
<testsuite hostname="Ashwini" failures="0" tests="1" name="loginModule_package.CreateEmpAsHead_HRM_ST_TC_01_BaseClass" time="7.820" errors="0" timestamp="2023-03-29T10:05:32 IST" skipped="0">
  <testcase classname="loginModule_package.CreateEmpAsHead_HRM_ST_TC_01_BaseClass" name="CreateEmpAsHead" time="7.820"/>
  <system-out>
    <![CDATA[CreateEmpAsHead---> TestScript excecution started
CreateEmpAsHead---> TEstScript Excecution Successfull]]>
  </system-out>
</testsuite> <!-- loginModule_package.CreateEmpAsHead_HRM_ST_TC_01_BaseClass -->
